[debug] [2024-01-26T15:06:59.091Z] ----------------------------------------------------------------------
[debug] [2024-01-26T15:06:59.094Z] Command:       C:\Program Files\nodejs\node.exe C:\Users\dELL\AppData\Roaming\npm\node_modules\firebase-tools\lib\bin\firebase.js deploy
[debug] [2024-01-26T15:06:59.095Z] CLI Version:   12.9.1
[debug] [2024-01-26T15:06:59.095Z] Platform:      win32
[debug] [2024-01-26T15:06:59.096Z] Node Version:  v16.14.0
[debug] [2024-01-26T15:06:59.121Z] Time:          Fri Jan 26 2024 20:06:59 GMT+0500 (Pakistan Standard Time)
[debug] [2024-01-26T15:06:59.122Z] ----------------------------------------------------------------------
[debug] 
[debug] [2024-01-26T15:06:59.129Z] >>> [apiv2][query] GET https://firebase-public.firebaseio.com/cli.json [none]
[debug] [2024-01-26T15:06:59.316Z] > command requires scopes: ["email","openid","https://www.googleapis.com/auth/cloudplatformprojects.readonly","https://www.googleapis.com/auth/firebase","https://www.googleapis.com/auth/cloud-platform"]
[debug] [2024-01-26T15:06:59.317Z] > authorizing via signed-in user (boundedsocial@gmail.com)
[debug] [2024-01-26T15:06:59.317Z] [iam] checking project evcharging-be0a6 for permissions ["firebase.projects.get","firebasehosting.sites.update"]
[debug] [2024-01-26T15:06:59.319Z] > refreshing access token with scopes: []
[debug] [2024-01-26T15:06:59.322Z] >>> [apiv2][query] POST https://www.googleapis.com/oauth2/v3/token [none]
[debug] [2024-01-26T15:06:59.323Z] >>> [apiv2][body] POST https://www.googleapis.com/oauth2/v3/token [omitted]
[debug] [2024-01-26T15:06:59.751Z] <<< [apiv2][status] POST https://www.googleapis.com/oauth2/v3/token 200
[debug] [2024-01-26T15:06:59.751Z] <<< [apiv2][body] POST https://www.googleapis.com/oauth2/v3/token [omitted]
[debug] [2024-01-26T15:06:59.768Z] >>> [apiv2][query] POST https://cloudresourcemanager.googleapis.com/v1/projects/evcharging-be0a6:testIamPermissions [none]
[debug] [2024-01-26T15:06:59.768Z] >>> [apiv2][(partial)header] POST https://cloudresourcemanager.googleapis.com/v1/projects/evcharging-be0a6:testIamPermissions x-goog-quota-user=projects/evcharging-be0a6
[debug] [2024-01-26T15:06:59.769Z] >>> [apiv2][body] POST https://cloudresourcemanager.googleapis.com/v1/projects/evcharging-be0a6:testIamPermissions {"permissions":["firebase.projects.get","firebasehosting.sites.update"]}
[debug] [2024-01-26T15:06:59.890Z] <<< [apiv2][status] GET https://firebase-public.firebaseio.com/cli.json 200
[debug] [2024-01-26T15:06:59.891Z] <<< [apiv2][body] GET https://firebase-public.firebaseio.com/cli.json {"cloudBuildErrorAfter":1594252800000,"cloudBuildWarnAfter":1590019200000,"defaultNode10After":1594252800000,"minVersion":"3.0.5","node8DeploysDisabledAfter":1613390400000,"node8RuntimeDisabledAfter":1615809600000,"node8WarnAfter":1600128000000}
[debug] [2024-01-26T15:07:01.284Z] <<< [apiv2][status] POST https://cloudresourcemanager.googleapis.com/v1/projects/evcharging-be0a6:testIamPermissions 200
[debug] [2024-01-26T15:07:01.284Z] <<< [apiv2][body] POST https://cloudresourcemanager.googleapis.com/v1/projects/evcharging-be0a6:testIamPermissions {"permissions":["firebase.projects.get","firebasehosting.sites.update"]}
[debug] [2024-01-26T15:07:01.286Z] >>> [apiv2][query] GET https://firebase.googleapis.com/v1beta1/projects/evcharging-be0a6 [none]
[debug] [2024-01-26T15:07:01.856Z] <<< [apiv2][status] GET https://firebase.googleapis.com/v1beta1/projects/evcharging-be0a6 200
[debug] [2024-01-26T15:07:01.856Z] <<< [apiv2][body] GET https://firebase.googleapis.com/v1beta1/projects/evcharging-be0a6 {"projectId":"evcharging-be0a6","projectNumber":"218254713776","displayName":"EvCharging","name":"projects/evcharging-be0a6","resources":{"hostingSite":"evcharging-be0a6"},"state":"ACTIVE","etag":"1_75eab9fb-9c9e-43e1-8c37-a5308123fc6e"}
[info] 
[info] === Deploying to 'evcharging-be0a6'...
[info] 
[info] i  deploying hosting 
[debug] [2024-01-26T15:07:01.865Z] >>> [apiv2][query] POST https://firebasehosting.googleapis.com/v1beta1/projects/-/sites/evcharging-be0a6/versions [none]
[debug] [2024-01-26T15:07:01.865Z] >>> [apiv2][body] POST https://firebasehosting.googleapis.com/v1beta1/projects/-/sites/evcharging-be0a6/versions {"status":"CREATED","labels":{"deployment-tool":"cli-firebase"}}
[debug] [2024-01-26T15:07:04.334Z] <<< [apiv2][status] POST https://firebasehosting.googleapis.com/v1beta1/projects/-/sites/evcharging-be0a6/versions 200
[debug] [2024-01-26T15:07:04.334Z] <<< [apiv2][body] POST https://firebasehosting.googleapis.com/v1beta1/projects/-/sites/evcharging-be0a6/versions {"name":"projects/218254713776/sites/evcharging-be0a6/versions/2423e544561fd957","status":"CREATED","config":{},"labels":{"deployment-tool":"cli-firebase"}}
[info] i  hosting[evcharging-be0a6]: beginning deploy... 
[info] i  hosting[evcharging-be0a6]: found 14 files in build 
[debug] [2024-01-26T15:07:04.352Z] [hosting] uploading with 200 concurrency
[debug] [2024-01-26T15:07:07.904Z] [hosting] hash cache [YnVpbGQ] stored for 14 files
[debug] [2024-01-26T15:07:07.905Z] [hosting][hash queue][FINAL] {"max":3537,"min":4,"avg":266.14285714285717,"active":0,"complete":14,"success":14,"errored":0,"retried":0,"total":14,"elapsed":3548}
[debug] [2024-01-26T15:07:07.905Z] >>> [apiv2][query] POST https://firebasehosting.googleapis.com/v1beta1/projects/218254713776/sites/evcharging-be0a6/versions/2423e544561fd957:populateFiles [none]
[debug] [2024-01-26T15:07:07.905Z] >>> [apiv2][body] POST https://firebasehosting.googleapis.com/v1beta1/projects/218254713776/sites/evcharging-be0a6/versions/2423e544561fd957:populateFiles {"files":{"/favicon.ico":"eae62e993eb980ec8a25058c39d5a51feab118bd2100c4deebb2a9c158ec11f9","/logo192.png":"3ee59515172ee198f3be375979df15ac5345183e656720a381b8872b2a39dc8b","/logo512.png":"ee7e2f3fdb8209c4b6fd7bef6ba50d1b9dba30a25bb5c3126df057e1cb6f5331","/manifest.json":"5c997de1364b8be939319fa9209abd77f2caf7f8844999a9e2e9173f844e7840","/robots.txt":"b2090cf9761ef60aa06e4fab97679bd43dfa5e5df073701ead5879d7c68f1ec5","/asset-manifest.json":"63e1cbd1e0c711dd5f2b988798ac150389f794d0cc58c5f05018dead55099922","/index.html":"5857fda857e284dfb325f1165176ccdcd1182a6d7b7b7098834c68ac19057d23","/static/js/787.7a2bf95b.chunk.js":"640cacac95641535ab2631a44f23881399587ae9fce0e01bd397a910d92de7c6","/static/css/main.b3bf31a9.css":"751634f963b15d18b9cdb36ddc3d2df07ea9b731c813f2f6647113b44986c8c1","/static/js/787.7a2bf95b.chunk.js.map":"542a03de63a4eb4f67c0011d3865bfad67dda319fa9a72a81952274ca14f6e6c","/static/js/main.bd48711b.js.LICENSE.txt":"9cf3fe5b9f13298fe2aa0b7aa52b103a2f6bffe67300496fc7a639685113d1dc","/static/css/main.b3bf31a9.css.map":"72a21248abb069a684b458e1387ef2e635c95820be0f81279c46465e1778d098","/static/js/main.bd48711b.js":"555b1896b9b253c626490057511c02d68ebfd00fee3082a1532309f531512586","/static/js/main.bd48711b.js.map":"a0b8e4aa1865624980fcd885c782d7db768f86a9296437241d9eaefdb347b877"}}
[debug] [2024-01-26T15:07:10.332Z] <<< [apiv2][status] POST https://firebasehosting.googleapis.com/v1beta1/projects/218254713776/sites/evcharging-be0a6/versions/2423e544561fd957:populateFiles 200
[debug] [2024-01-26T15:07:10.332Z] <<< [apiv2][body] POST https://firebasehosting.googleapis.com/v1beta1/projects/218254713776/sites/evcharging-be0a6/versions/2423e544561fd957:populateFiles {"uploadRequiredHashes":["5857fda857e284dfb325f1165176ccdcd1182a6d7b7b7098834c68ac19057d23","72a21248abb069a684b458e1387ef2e635c95820be0f81279c46465e1778d098","555b1896b9b253c626490057511c02d68ebfd00fee3082a1532309f531512586","63e1cbd1e0c711dd5f2b988798ac150389f794d0cc58c5f05018dead55099922","751634f963b15d18b9cdb36ddc3d2df07ea9b731c813f2f6647113b44986c8c1","9cf3fe5b9f13298fe2aa0b7aa52b103a2f6bffe67300496fc7a639685113d1dc","a0b8e4aa1865624980fcd885c782d7db768f86a9296437241d9eaefdb347b877"],"uploadUrl":"https://upload-firebasehosting.googleapis.com/upload/sites/evcharging-be0a6/versions/2423e544561fd957/files"}
[debug] [2024-01-26T15:07:10.335Z] >>> [apiv2][query] POST https://upload-firebasehosting.googleapis.com/upload/sites/evcharging-be0a6/versions/2423e544561fd957/files/5857fda857e284dfb325f1165176ccdcd1182a6d7b7b7098834c68ac19057d23 [none]
[debug] [2024-01-26T15:07:10.335Z] >>> [apiv2][body] POST https://upload-firebasehosting.googleapis.com/upload/sites/evcharging-be0a6/versions/2423e544561fd957/files/5857fda857e284dfb325f1165176ccdcd1182a6d7b7b7098834c68ac19057d23 [stream]
[debug] [2024-01-26T15:07:10.336Z] >>> [apiv2][query] POST https://upload-firebasehosting.googleapis.com/upload/sites/evcharging-be0a6/versions/2423e544561fd957/files/72a21248abb069a684b458e1387ef2e635c95820be0f81279c46465e1778d098 [none]
[debug] [2024-01-26T15:07:10.336Z] >>> [apiv2][body] POST https://upload-firebasehosting.googleapis.com/upload/sites/evcharging-be0a6/versions/2423e544561fd957/files/72a21248abb069a684b458e1387ef2e635c95820be0f81279c46465e1778d098 [stream]
[debug] [2024-01-26T15:07:10.338Z] >>> [apiv2][query] POST https://upload-firebasehosting.googleapis.com/upload/sites/evcharging-be0a6/versions/2423e544561fd957/files/555b1896b9b253c626490057511c02d68ebfd00fee3082a1532309f531512586 [none]
[debug] [2024-01-26T15:07:10.338Z] >>> [apiv2][body] POST https://upload-firebasehosting.googleapis.com/upload/sites/evcharging-be0a6/versions/2423e544561fd957/files/555b1896b9b253c626490057511c02d68ebfd00fee3082a1532309f531512586 [stream]
[debug] [2024-01-26T15:07:10.339Z] >>> [apiv2][query] POST https://upload-firebasehosting.googleapis.com/upload/sites/evcharging-be0a6/versions/2423e544561fd957/files/63e1cbd1e0c711dd5f2b988798ac150389f794d0cc58c5f05018dead55099922 [none]
[debug] [2024-01-26T15:07:10.339Z] >>> [apiv2][body] POST https://upload-firebasehosting.googleapis.com/upload/sites/evcharging-be0a6/versions/2423e544561fd957/files/63e1cbd1e0c711dd5f2b988798ac150389f794d0cc58c5f05018dead55099922 [stream]
[debug] [2024-01-26T15:07:10.341Z] >>> [apiv2][query] POST https://upload-firebasehosting.googleapis.com/upload/sites/evcharging-be0a6/versions/2423e544561fd957/files/751634f963b15d18b9cdb36ddc3d2df07ea9b731c813f2f6647113b44986c8c1 [none]
[debug] [2024-01-26T15:07:10.342Z] >>> [apiv2][body] POST https://upload-firebasehosting.googleapis.com/upload/sites/evcharging-be0a6/versions/2423e544561fd957/files/751634f963b15d18b9cdb36ddc3d2df07ea9b731c813f2f6647113b44986c8c1 [stream]
[debug] [2024-01-26T15:07:10.343Z] >>> [apiv2][query] POST https://upload-firebasehosting.googleapis.com/upload/sites/evcharging-be0a6/versions/2423e544561fd957/files/9cf3fe5b9f13298fe2aa0b7aa52b103a2f6bffe67300496fc7a639685113d1dc [none]
[debug] [2024-01-26T15:07:10.343Z] >>> [apiv2][body] POST https://upload-firebasehosting.googleapis.com/upload/sites/evcharging-be0a6/versions/2423e544561fd957/files/9cf3fe5b9f13298fe2aa0b7aa52b103a2f6bffe67300496fc7a639685113d1dc [stream]
[debug] [2024-01-26T15:07:10.345Z] >>> [apiv2][query] POST https://upload-firebasehosting.googleapis.com/upload/sites/evcharging-be0a6/versions/2423e544561fd957/files/a0b8e4aa1865624980fcd885c782d7db768f86a9296437241d9eaefdb347b877 [none]
[debug] [2024-01-26T15:07:10.345Z] >>> [apiv2][body] POST https://upload-firebasehosting.googleapis.com/upload/sites/evcharging-be0a6/versions/2423e544561fd957/files/a0b8e4aa1865624980fcd885c782d7db768f86a9296437241d9eaefdb347b877 [stream]
[debug] [2024-01-26T15:07:10.346Z] [hosting][populate queue][FINAL] {"max":2432,"min":2432,"avg":2432,"active":0,"complete":1,"success":1,"errored":0,"retried":0,"total":1,"elapsed":2444}
[debug] [2024-01-26T15:07:10.346Z] [hosting] uploads queued: 7
[debug] [2024-01-26T15:07:11.634Z] <<< [apiv2][status] POST https://upload-firebasehosting.googleapis.com/upload/sites/evcharging-be0a6/versions/2423e544561fd957/files/751634f963b15d18b9cdb36ddc3d2df07ea9b731c813f2f6647113b44986c8c1 200
[debug] [2024-01-26T15:07:11.635Z] <<< [apiv2][body] POST https://upload-firebasehosting.googleapis.com/upload/sites/evcharging-be0a6/versions/2423e544561fd957/files/751634f963b15d18b9cdb36ddc3d2df07ea9b731c813f2f6647113b44986c8c1 [stream]
[debug] [2024-01-26T15:07:11.668Z] <<< [apiv2][status] POST https://upload-firebasehosting.googleapis.com/upload/sites/evcharging-be0a6/versions/2423e544561fd957/files/72a21248abb069a684b458e1387ef2e635c95820be0f81279c46465e1778d098 200
[debug] [2024-01-26T15:07:11.668Z] <<< [apiv2][body] POST https://upload-firebasehosting.googleapis.com/upload/sites/evcharging-be0a6/versions/2423e544561fd957/files/72a21248abb069a684b458e1387ef2e635c95820be0f81279c46465e1778d098 [stream]
[debug] [2024-01-26T15:07:11.675Z] <<< [apiv2][status] POST https://upload-firebasehosting.googleapis.com/upload/sites/evcharging-be0a6/versions/2423e544561fd957/files/63e1cbd1e0c711dd5f2b988798ac150389f794d0cc58c5f05018dead55099922 200
[debug] [2024-01-26T15:07:11.675Z] <<< [apiv2][body] POST https://upload-firebasehosting.googleapis.com/upload/sites/evcharging-be0a6/versions/2423e544561fd957/files/63e1cbd1e0c711dd5f2b988798ac150389f794d0cc58c5f05018dead55099922 [stream]
[debug] [2024-01-26T15:07:11.704Z] <<< [apiv2][status] POST https://upload-firebasehosting.googleapis.com/upload/sites/evcharging-be0a6/versions/2423e544561fd957/files/9cf3fe5b9f13298fe2aa0b7aa52b103a2f6bffe67300496fc7a639685113d1dc 200
[debug] [2024-01-26T15:07:11.705Z] <<< [apiv2][body] POST https://upload-firebasehosting.googleapis.com/upload/sites/evcharging-be0a6/versions/2423e544561fd957/files/9cf3fe5b9f13298fe2aa0b7aa52b103a2f6bffe67300496fc7a639685113d1dc [stream]
[debug] [2024-01-26T15:07:11.714Z] <<< [apiv2][status] POST https://upload-firebasehosting.googleapis.com/upload/sites/evcharging-be0a6/versions/2423e544561fd957/files/5857fda857e284dfb325f1165176ccdcd1182a6d7b7b7098834c68ac19057d23 200
[debug] [2024-01-26T15:07:11.715Z] <<< [apiv2][body] POST https://upload-firebasehosting.googleapis.com/upload/sites/evcharging-be0a6/versions/2423e544561fd957/files/5857fda857e284dfb325f1165176ccdcd1182a6d7b7b7098834c68ac19057d23 [stream]
[debug] [2024-01-26T15:07:11.934Z] <<< [apiv2][status] POST https://upload-firebasehosting.googleapis.com/upload/sites/evcharging-be0a6/versions/2423e544561fd957/files/555b1896b9b253c626490057511c02d68ebfd00fee3082a1532309f531512586 200
[debug] [2024-01-26T15:07:11.934Z] <<< [apiv2][body] POST https://upload-firebasehosting.googleapis.com/upload/sites/evcharging-be0a6/versions/2423e544561fd957/files/555b1896b9b253c626490057511c02d68ebfd00fee3082a1532309f531512586 [stream]
